<?xml version="1.0" encoding="UTF-8"?>
<!-- Generated by org.testng.reporters.JUnitReportReporter -->
<testsuite hostname="DESKTOP-N02VLP2" failures="0" tests="1" name="common.fanode.tests.FanCodeTodoTest" time="3.560" errors="0" timestamp="2024-09-30T21:27:27 IST" skipped="0">
  <testcase classname="common.fanode.tests.FanCodeTodoTest" name="verifyUserCompletedTasksGreaterThanFiftyPercent" time="3.560"/>
  <system-out/>
</testsuite> <!-- common.fanode.tests.FanCodeTodoTest -->
